[2025-06-26 11:49:30][INFO] 启动数字货币监控系统...
[2025-06-26 12:25:39][INFO] 启动数字货币监控系统...
[2025-06-27 13:06:08][INFO] 启动数字货币监控系统...
[2025-06-27 13:06:44][INFO] 启动数字货币监控系统...
[2025-06-27 13:07:49][INFO] 启动数字货币监控系统...
[2025-06-27 13:08:04][INFO] 启动数字货币监控系统...
[2025-06-27 13:27:53][INFO] 启动数字货币监控系统...
[2025-06-27 14:09:46][INFO] 启动数字货币监控系统...
[2025-06-27 16:22:51][INFO] 启动数字货币监控系统...
[2025-06-27 17:21:51][INFO] 启动数字货币监控系统...
[2025-06-27 17:44:09][INFO] 启动数字货币监控系统...
[2025-06-27 17:49:50][INFO] 启动数字货币监控系统...
[2025-06-27 17:53:25][INFO] 启动数字货币监控系统...
[2025-06-27 18:02:04][INFO] 启动数字货币监控系统...
[2025-06-27 18:03:34][INFO] 启动数字货币监控系统...
[2025-06-27 18:28:38][INFO] 启动数字货币监控系统...
[2025-06-27 19:48:55][INFO] 启动数字货币监控系统...
[2025-06-28 11:46:31][INFO] 启动数字货币监控系统...
[2025-06-28 11:49:07][INFO] 启动数字货币监控系统...
[2025-06-28 12:04:05][INFO] 启动数字货币监控系统...
[2025-06-28 12:06:03][INFO] 启动数字货币监控系统...
[2025-06-28 12:15:00][WARNING] LOKAUSDT 15m暴涨/暴跌: -1.94%
阈值: 1.03%
开盘: 0.05374, 收盘: 0.0527
[2025-06-28 12:15:00][WARNING] OBOLUSDT 15m暴涨/暴跌: 2.09%
阈值: 1.68%
开盘: 0.13749, 收盘: 0.14036
[2025-06-28 12:15:01][WARNING] LISTAUSDT 15m暴涨/暴跌: -1.82%
阈值: 1.48%
开盘: 0.2306, 收盘: 0.2264
[2025-06-28 12:15:01][WARNING] B2USDT 15m暴涨/暴跌: -1.18%
阈值: 1.00%
开盘: 0.4239, 收盘: 0.4189
[2025-06-28 12:15:02][WARNING] TAOUSDT 15m暴涨/暴跌: 1.18%
阈值: 1.16%
开盘: 319.23, 收盘: 323.01
[2025-06-28 12:15:03][WARNING] HIPPOUSDT 15m暴涨/暴跌: 2.96%
阈值: 1.76%
开盘: 0.001619, 收盘: 0.001667
[2025-06-28 12:15:04][WARNING] SANTOSUSDT 15m暴涨/暴跌: -0.89%
阈值: 0.73%
开盘: 1.797, 收盘: 1.781
[2025-06-28 12:36:40][INFO] 启动数字货币监控系统...
[2025-06-28 16:32:24][INFO] 启动数字货币监控系统...
[2025-06-28 16:45:00][WARNING] BUSDT 15m暴涨/暴跌: 2.89%
阈值: 2.36%
开盘: 0.32107, 收盘: 0.33036
[2025-06-28 16:45:01][INFO] 已推送 1/5 个警报
[2025-06-28 18:30:00][INFO] 警报冷却期结束，重置计数器
[2025-06-28 18:30:00][WARNING] MELANIAUSDT 15m暴涨/暴跌: 6.63%
阈值: 3.17%
开盘: 0.2066, 收盘: 0.2203
[2025-06-28 18:30:01][INFO] 已推送 1/5 个警报
